#-----------------------------------------------------------
# Vivado v2018.3 (64-bit)
# SW Build 2405991 on Thu Dec  6 23:38:27 MST 2018
# IP Build 2404404 on Fri Dec  7 01:43:56 MST 2018
# Start of session at: Thu Nov 14 18:05:28 2024
# Process ID: 22040
# Current directory: E:/cnn-FPGA/CNN-FPGA/CNN-FPGA-Vivado
# Command line: vivado.exe -gui_launcher_event rodinguilauncherevent26268 E:\cnn-FPGA\CNN-FPGA\CNN-FPGA-Vivado\CNN-FPGA-Vivado.xpr
# Log file: E:/cnn-FPGA/CNN-FPGA/CNN-FPGA-Vivado/vivado.log
# Journal file: E:/cnn-FPGA/CNN-FPGA/CNN-FPGA-Vivado\vivado.jou
#-----------------------------------------------------------
start_gui
open_project E:/cnn-FPGA/CNN-FPGA/CNN-FPGA-Vivado/CNN-FPGA-Vivado.xpr
INFO: [Project 1-313] Project file moved from 'C:/Users/Daniel/Desktop/CNN-FPGA-Vivado' since last save.
Scanning sources...
Finished scanning sources
INFO: [Project 1-230] Project 'CNN-FPGA-Vivado.xpr' upgraded for this version of Vivado.
INFO: [IP_Flow 19-234] Refreshing IP repositories
INFO: [IP_Flow 19-1704] No user IP repositories specified
INFO: [IP_Flow 19-2313] Loaded Vivado IP repository 'D:/vivado/Vivado/2018.3/data/ip'.
open_project: Time (s): cpu = 00:00:05 ; elapsed = 00:00:08 . Memory (MB): peak = 844.016 ; gain = 147.227
update_compile_order -fileset sources_1
exit
INFO: [Common 17-206] Exiting Vivado at Thu Nov 14 19:14:59 2024...
